[2020-05-17 21:56:19]
	SQLSTATE[42000]: Syntax error or access violation: 1064 You have an error in your SQL syntax; check the manual that corresponds to your MariaDB server version for the right syntax to use near 'FROM  products AS a
            WHERE a.product_id = '1'' at line 2
	File:	C:\xampp\htdocs\p\psnutrition\lib\database.class.php (59)
	Trace:	#0 C:\xampp\htdocs\p\psnutrition\lib\product.class.php(209): Database->query('\n            SE...')
			#1 C:\xampp\htdocs\p\psnutrition\product.php(7): Product->setFromId(1)
			#2 {main}

[2020-05-18 09:00:22]
	SQLSTATE[42000]: Syntax error or access violation: 1064 You have an error in your SQL syntax; check the manual that corresponds to your MariaDB server version for the right syntax to use near 'FROM  products AS a
            WHERE a.product_id = '8'' at line 2
	File:	C:\xampp\htdocs\p\psnutrition\lib\database.class.php (59)
	Trace:	#0 C:\xampp\htdocs\p\psnutrition\lib\product.class.php(209): Database->query('\n            SE...')
			#1 C:\xampp\htdocs\p\psnutrition\product.php(7): Product->setFromId(8)
			#2 {main}

[2020-05-20 13:32:04]
	SQLSTATE[42S22]: Column not found: 1054 Unknown column 'category_id' in 'field list'
	File:	C:\xampp\htdocs\p\psnutrition\lib\database.class.php (59)
	Trace:	#0 C:\xampp\htdocs\p\psnutrition\init.inc.php(41): Database->query('SELECT category...')
			#1 C:\xampp\htdocs\p\psnutrition\product.php(2): require_once('C:\\xampp\\htdocs...')
			#2 {main}

[2020-05-20 13:32:06]
	SQLSTATE[42S22]: Column not found: 1054 Unknown column 'category_id' in 'field list'
	File:	C:\xampp\htdocs\p\psnutrition\lib\database.class.php (59)
	Trace:	#0 C:\xampp\htdocs\p\psnutrition\init.inc.php(41): Database->query('SELECT category...')
			#1 C:\xampp\htdocs\p\psnutrition\product.php(2): require_once('C:\\xampp\\htdocs...')
			#2 {main}

[2020-05-20 13:32:07]
	SQLSTATE[42S22]: Column not found: 1054 Unknown column 'category_id' in 'field list'
	File:	C:\xampp\htdocs\p\psnutrition\lib\database.class.php (59)
	Trace:	#0 C:\xampp\htdocs\p\psnutrition\init.inc.php(41): Database->query('SELECT category...')
			#1 C:\xampp\htdocs\p\psnutrition\product.php(2): require_once('C:\\xampp\\htdocs...')
			#2 {main}

[2020-05-20 13:32:07]
	SQLSTATE[42S22]: Column not found: 1054 Unknown column 'category_id' in 'field list'
	File:	C:\xampp\htdocs\p\psnutrition\lib\database.class.php (59)
	Trace:	#0 C:\xampp\htdocs\p\psnutrition\init.inc.php(41): Database->query('SELECT category...')
			#1 C:\xampp\htdocs\p\psnutrition\product.php(2): require_once('C:\\xampp\\htdocs...')
			#2 {main}

[2020-05-20 13:32:07]
	SQLSTATE[42S22]: Column not found: 1054 Unknown column 'category_id' in 'field list'
	File:	C:\xampp\htdocs\p\psnutrition\lib\database.class.php (59)
	Trace:	#0 C:\xampp\htdocs\p\psnutrition\init.inc.php(41): Database->query('SELECT category...')
			#1 C:\xampp\htdocs\p\psnutrition\product.php(2): require_once('C:\\xampp\\htdocs...')
			#2 {main}

[2020-05-20 13:32:08]
	SQLSTATE[42S22]: Column not found: 1054 Unknown column 'category_id' in 'field list'
	File:	C:\xampp\htdocs\p\psnutrition\lib\database.class.php (59)
	Trace:	#0 C:\xampp\htdocs\p\psnutrition\init.inc.php(41): Database->query('SELECT category...')
			#1 C:\xampp\htdocs\p\psnutrition\product.php(2): require_once('C:\\xampp\\htdocs...')
			#2 {main}

[2020-05-20 13:32:08]
	SQLSTATE[42S22]: Column not found: 1054 Unknown column 'category_id' in 'field list'
	File:	C:\xampp\htdocs\p\psnutrition\lib\database.class.php (59)
	Trace:	#0 C:\xampp\htdocs\p\psnutrition\init.inc.php(41): Database->query('SELECT category...')
			#1 C:\xampp\htdocs\p\psnutrition\product.php(2): require_once('C:\\xampp\\htdocs...')
			#2 {main}

[2020-05-20 13:32:09]
	SQLSTATE[42S22]: Column not found: 1054 Unknown column 'category_id' in 'field list'
	File:	C:\xampp\htdocs\p\psnutrition\lib\database.class.php (59)
	Trace:	#0 C:\xampp\htdocs\p\psnutrition\init.inc.php(41): Database->query('SELECT category...')
			#1 C:\xampp\htdocs\p\psnutrition\product.php(2): require_once('C:\\xampp\\htdocs...')
			#2 {main}

[2020-05-20 13:32:09]
	SQLSTATE[42S22]: Column not found: 1054 Unknown column 'category_id' in 'field list'
	File:	C:\xampp\htdocs\p\psnutrition\lib\database.class.php (59)
	Trace:	#0 C:\xampp\htdocs\p\psnutrition\init.inc.php(41): Database->query('SELECT category...')
			#1 C:\xampp\htdocs\p\psnutrition\product.php(2): require_once('C:\\xampp\\htdocs...')
			#2 {main}

[2020-05-20 13:32:09]
	SQLSTATE[42S22]: Column not found: 1054 Unknown column 'category_id' in 'field list'
	File:	C:\xampp\htdocs\p\psnutrition\lib\database.class.php (59)
	Trace:	#0 C:\xampp\htdocs\p\psnutrition\init.inc.php(41): Database->query('SELECT category...')
			#1 C:\xampp\htdocs\p\psnutrition\product.php(2): require_once('C:\\xampp\\htdocs...')
			#2 {main}

[2020-05-20 13:32:10]
	SQLSTATE[42S22]: Column not found: 1054 Unknown column 'category_id' in 'field list'
	File:	C:\xampp\htdocs\p\psnutrition\lib\database.class.php (59)
	Trace:	#0 C:\xampp\htdocs\p\psnutrition\init.inc.php(41): Database->query('SELECT category...')
			#1 C:\xampp\htdocs\p\psnutrition\product.php(2): require_once('C:\\xampp\\htdocs...')
			#2 {main}

[2020-05-20 13:32:10]
	SQLSTATE[42S22]: Column not found: 1054 Unknown column 'category_id' in 'field list'
	File:	C:\xampp\htdocs\p\psnutrition\lib\database.class.php (59)
	Trace:	#0 C:\xampp\htdocs\p\psnutrition\init.inc.php(41): Database->query('SELECT category...')
			#1 C:\xampp\htdocs\p\psnutrition\product.php(2): require_once('C:\\xampp\\htdocs...')
			#2 {main}

[2020-05-20 13:32:11]
	SQLSTATE[42S22]: Column not found: 1054 Unknown column 'category_id' in 'field list'
	File:	C:\xampp\htdocs\p\psnutrition\lib\database.class.php (59)
	Trace:	#0 C:\xampp\htdocs\p\psnutrition\init.inc.php(41): Database->query('SELECT category...')
			#1 C:\xampp\htdocs\p\psnutrition\product.php(2): require_once('C:\\xampp\\htdocs...')
			#2 {main}

[2020-05-20 13:32:12]
	SQLSTATE[42S22]: Column not found: 1054 Unknown column 'category_id' in 'field list'
	File:	C:\xampp\htdocs\p\psnutrition\lib\database.class.php (59)
	Trace:	#0 C:\xampp\htdocs\p\psnutrition\init.inc.php(41): Database->query('SELECT category...')
			#1 C:\xampp\htdocs\p\psnutrition\product.php(2): require_once('C:\\xampp\\htdocs...')
			#2 {main}

[2020-05-20 13:34:13]
	SQLSTATE[42S22]: Column not found: 1054 Unknown column 'category_id' in 'field list'
	File:	C:\xampp\htdocs\p\psnutrition\lib\database.class.php (59)
	Trace:	#0 C:\xampp\htdocs\p\psnutrition\init.inc.php(41): Database->query('SELECT category...')
			#1 C:\xampp\htdocs\p\psnutrition\product.php(2): require_once('C:\\xampp\\htdocs...')
			#2 {main}

[2020-05-20 13:34:15]
	SQLSTATE[42S22]: Column not found: 1054 Unknown column 'category_id' in 'field list'
	File:	C:\xampp\htdocs\p\psnutrition\lib\database.class.php (59)
	Trace:	#0 C:\xampp\htdocs\p\psnutrition\init.inc.php(41): Database->query('SELECT category...')
			#1 C:\xampp\htdocs\p\psnutrition\product.php(2): require_once('C:\\xampp\\htdocs...')
			#2 {main}

[2020-05-20 13:34:15]
	SQLSTATE[42S22]: Column not found: 1054 Unknown column 'category_id' in 'field list'
	File:	C:\xampp\htdocs\p\psnutrition\lib\database.class.php (59)
	Trace:	#0 C:\xampp\htdocs\p\psnutrition\init.inc.php(41): Database->query('SELECT category...')
			#1 C:\xampp\htdocs\p\psnutrition\product.php(2): require_once('C:\\xampp\\htdocs...')
			#2 {main}

[2020-05-20 13:34:16]
	SQLSTATE[42S22]: Column not found: 1054 Unknown column 'category_id' in 'field list'
	File:	C:\xampp\htdocs\p\psnutrition\lib\database.class.php (59)
	Trace:	#0 C:\xampp\htdocs\p\psnutrition\init.inc.php(41): Database->query('SELECT category...')
			#1 C:\xampp\htdocs\p\psnutrition\product.php(2): require_once('C:\\xampp\\htdocs...')
			#2 {main}

[2020-05-20 13:34:17]
	SQLSTATE[42S22]: Column not found: 1054 Unknown column 'category_id' in 'field list'
	File:	C:\xampp\htdocs\p\psnutrition\lib\database.class.php (59)
	Trace:	#0 C:\xampp\htdocs\p\psnutrition\init.inc.php(41): Database->query('SELECT category...')
			#1 C:\xampp\htdocs\p\psnutrition\product.php(2): require_once('C:\\xampp\\htdocs...')
			#2 {main}

[2020-05-20 13:34:18]
	SQLSTATE[42S22]: Column not found: 1054 Unknown column 'category_id' in 'field list'
	File:	C:\xampp\htdocs\p\psnutrition\lib\database.class.php (59)
	Trace:	#0 C:\xampp\htdocs\p\psnutrition\init.inc.php(41): Database->query('SELECT category...')
			#1 C:\xampp\htdocs\p\psnutrition\product.php(2): require_once('C:\\xampp\\htdocs...')
			#2 {main}

[2020-05-20 13:35:49]
	SQLSTATE[42S22]: Column not found: 1054 Unknown column 'co.comment_product' in 'on clause'
	File:	C:\xampp\htdocs\p\psnutrition\lib\database.class.php (59)
	Trace:	#0 C:\xampp\htdocs\p\psnutrition\lib\product.class.php(363): Database->query('\n            SE...')
			#1 C:\xampp\htdocs\p\psnutrition\product.php(7): Product->setFromId(8)
			#2 {main}

[2020-05-20 13:35:52]
	SQLSTATE[42S22]: Column not found: 1054 Unknown column 'co.comment_product' in 'on clause'
	File:	C:\xampp\htdocs\p\psnutrition\lib\database.class.php (59)
	Trace:	#0 C:\xampp\htdocs\p\psnutrition\lib\product.class.php(363): Database->query('\n            SE...')
			#1 C:\xampp\htdocs\p\psnutrition\product.php(7): Product->setFromId(8)
			#2 {main}

[2020-05-20 13:35:53]
	SQLSTATE[42S22]: Column not found: 1054 Unknown column 'co.comment_product' in 'on clause'
	File:	C:\xampp\htdocs\p\psnutrition\lib\database.class.php (59)
	Trace:	#0 C:\xampp\htdocs\p\psnutrition\lib\product.class.php(363): Database->query('\n            SE...')
			#1 C:\xampp\htdocs\p\psnutrition\product.php(7): Product->setFromId(8)
			#2 {main}

[2020-05-20 13:35:54]
	SQLSTATE[42S22]: Column not found: 1054 Unknown column 'co.comment_product' in 'on clause'
	File:	C:\xampp\htdocs\p\psnutrition\lib\database.class.php (59)
	Trace:	#0 C:\xampp\htdocs\p\psnutrition\lib\product.class.php(363): Database->query('\n            SE...')
			#1 C:\xampp\htdocs\p\psnutrition\product.php(7): Product->setFromId(8)
			#2 {main}

[2020-05-20 13:35:54]
	SQLSTATE[42S22]: Column not found: 1054 Unknown column 'co.comment_product' in 'on clause'
	File:	C:\xampp\htdocs\p\psnutrition\lib\database.class.php (59)
	Trace:	#0 C:\xampp\htdocs\p\psnutrition\lib\product.class.php(363): Database->query('\n            SE...')
			#1 C:\xampp\htdocs\p\psnutrition\product.php(7): Product->setFromId(8)
			#2 {main}

[2020-05-20 15:48:36]
	SQLSTATE[HY000] [2002] No connection could be made because the target machine actively refused it.

	File:	C:\xampp\htdocs\p\psnutrition\lib\database.class.php (37)
	Trace:	#0 C:\xampp\htdocs\p\psnutrition\init.inc.php(17): Database->__construct('localhost', 'psnutrition', 'psnutrition', 'psnutrition')
			#1 C:\xampp\htdocs\p\psnutrition\products.php(2): require_once('C:\\xampp\\htdocs...')
			#2 {main}

[2020-05-20 18:11:31]
	SQLSTATE[42S22]: Column not found: 1054 Unknown column 'co.comment_product' in 'on clause'
	File:	/var/www/html/psnutrition/lib/database.class.php (59)
	Trace:	#0 /var/www/html/psnutrition/lib/product.class.php(363): Database->query('\n            SE...')
			#1 /var/www/html/psnutrition/product.php(7): Product->setFromId(1)
			#2 {main}

[2020-05-22 00:14:28]
	SQLSTATE[42S02]: Base table or view not found: 1146 Table 'psnutrition.news_categories' doesn't exist
	File:	/var/www/html/psnutrition/lib/database.class.php (59)
	Trace:	#0 /var/www/html/psnutrition/administration/categories.php(5): Database->query('\n\t\tSELECT *\n\t\tF...')
			#1 {main}

[2020-05-22 00:15:03]
	SQLSTATE[42S02]: Base table or view not found: 1146 Table 'psnutrition.news_categories' doesn't exist
	File:	/var/www/html/psnutrition/lib/database.class.php (59)
	Trace:	#0 /var/www/html/psnutrition/administration/categories.php(5): Database->query('\n\t\tSELECT *\n\t\tF...')
			#1 {main}

[2020-05-22 12:28:17]
	SQLSTATE[42S22]: Column not found: 1054 Unknown column 'product_category_id' in 'field list'
	File:	/var/www/html/psnutrition/lib/database.class.php (59)
	Trace:	#0 /var/www/html/psnutrition/init.inc.php(41): Database->query('SELECT product_...')
			#1 /var/www/html/psnutrition/index.php(2): require_once('/var/www/html/p...')
			#2 {main}

[2020-06-02 11:50:45]
	SQLSTATE[HY000]: General error: 1364 Field 'product_category' doesn't have a default value
	File:	/var/www/html/psnutrition/lib/database.class.php (86)
	Trace:	#0 /var/www/html/psnutrition/administration/lib/product_manager.class.php(192): Database->insert('products', Array)
			#1 /var/www/html/psnutrition/administration/lib/product_manager.class.php(129): ProductManager->_save()
			#2 /var/www/html/psnutrition/administration/product.php(6): ProductManager->__construct()
			#3 {main}

